SF:/home/mai/Templates/hft-optimus/src/avm/benchmark.rs
FN:68,_RNvNtNtCscDgb7GTerNl_11hft_optimus3avm9benchmark21avm_execute_simulatedB5_
FN:82,_RNvNtNtCscDgb7GTerNl_11hft_optimus3avm9benchmark21evm_execute_simulated
FN:31,_RNvNtNtCscDgb7GTerNl_11hft_optimus3avm9benchmark3run
FN:68,_RNvNtNtCsc27SkYyIH7k_11hft_optimus3avm9benchmark21avm_execute_simulatedB5_
FN:82,_RNvNtNtCsc27SkYyIH7k_11hft_optimus3avm9benchmark21evm_execute_simulated
FN:31,_RNvNtNtCsc27SkYyIH7k_11hft_optimus3avm9benchmark3run
FNDA:0,_RNvNtNtCscDgb7GTerNl_11hft_optimus3avm9benchmark21avm_execute_simulatedB5_
FNDA:0,_RNvNtNtCscDgb7GTerNl_11hft_optimus3avm9benchmark21evm_execute_simulated
FNDA:0,_RNvNtNtCscDgb7GTerNl_11hft_optimus3avm9benchmark3run
FNDA:10000,_RNvNtNtCsc27SkYyIH7k_11hft_optimus3avm9benchmark21avm_execute_simulatedB5_
FNDA:10000,_RNvNtNtCsc27SkYyIH7k_11hft_optimus3avm9benchmark21evm_execute_simulated
FNDA:1,_RNvNtNtCsc27SkYyIH7k_11hft_optimus3avm9benchmark3run
FNF:3
FNH:3
DA:31,1
DA:32,1
DA:35,1
DA:36,10000
DA:37,10000
DA:38,10000
DA:39,1
DA:42,1
DA:43,10000
DA:44,10000
DA:45,10000
DA:46,1
DA:50,1
DA:51,1
DA:54,0
DA:59,1
DA:60,1
DA:68,10000
DA:69,10000
DA:70,1000000
DA:71,1000000
DA:72,1000000
DA:73,10000
DA:74,10000
DA:82,10000
DA:83,10000
DA:85,10000
DA:86,50000
DA:87,1000000
DA:88,1000000
DA:89,1000000
DA:91,10000
DA:92,10000
BRF:0
BRH:0
LF:33
LH:32
end_of_record
SF:/home/mai/Templates/hft-optimus/src/avm/mod.rs
FN:35,_RNvNtCscDgb7GTerNl_11hft_optimus3avm13run_benchmark
FN:54,_RNvNtCscDgb7GTerNl_11hft_optimus3avm9audit_log
FN:35,_RNvNtCsc27SkYyIH7k_11hft_optimus3avm13run_benchmark
FN:54,_RNvNtCsc27SkYyIH7k_11hft_optimus3avm9audit_log
FNDA:0,_RNvNtCscDgb7GTerNl_11hft_optimus3avm13run_benchmark
FNDA:0,_RNvNtCscDgb7GTerNl_11hft_optimus3avm9audit_log
FNDA:1,_RNvNtCsc27SkYyIH7k_11hft_optimus3avm13run_benchmark
FNDA:0,_RNvNtCsc27SkYyIH7k_11hft_optimus3avm9audit_log
FNF:2
FNH:1
DA:35,1
DA:36,1
DA:37,1
DA:54,0
DA:55,0
DA:56,0
BRF:0
BRH:0
LF:6
LH:3
end_of_record
SF:/home/mai/Templates/hft-optimus/src/avm/reactor.rs
FN:34,_RNvNtNtCscDgb7GTerNl_11hft_optimus3avm7reactor14emit_audit_log
FN:34,_RNvNtNtCsc27SkYyIH7k_11hft_optimus3avm7reactor14emit_audit_log
FNDA:0,_RNvNtNtCscDgb7GTerNl_11hft_optimus3avm7reactor14emit_audit_log
FNDA:0,_RNvNtNtCsc27SkYyIH7k_11hft_optimus3avm7reactor14emit_audit_log
FNF:1
FNH:0
DA:34,0
DA:35,0
DA:36,0
DA:37,0
DA:38,0
DA:39,0
DA:40,0
DA:41,0
DA:42,0
DA:43,0
DA:47,0
DA:48,0
DA:49,0
DA:53,0
DA:54,0
DA:55,0
DA:56,0
DA:58,0
DA:59,0
DA:61,0
DA:64,0
DA:65,0
DA:69,0
DA:70,0
DA:71,0
DA:72,0
DA:73,0
DA:74,0
DA:75,0
BRF:0
BRH:0
LF:29
LH:0
end_of_record
SF:/home/mai/Templates/hft-optimus/src/config.rs
FN:87,_RNCNvMNtCscDgb7GTerNl_11hft_optimus6configNtB4_6Config8from_env0B6_
FN:96,_RNCNvMNtCscDgb7GTerNl_11hft_optimus6configNtB4_6Config8from_envs0_0B6_
FN:97,_RNCNvMNtCscDgb7GTerNl_11hft_optimus6configNtB4_6Config8from_envs1_0B6_
FN:94,_RNCNvMNtCscDgb7GTerNl_11hft_optimus6configNtB4_6Config8from_envs_0B6_
FN:102,_RNvMNtCscDgb7GTerNl_11hft_optimus6configNtB2_6Config11has_api_key
FN:81,_RNvMNtCscDgb7GTerNl_11hft_optimus6configNtB2_6Config8from_env
FN:102,_RNvMNtCsc27SkYyIH7k_11hft_optimus6configNtB2_6Config11has_api_key
FN:81,_RNvMNtCsc27SkYyIH7k_11hft_optimus6configNtB2_6Config8from_env
FN:87,_RNCNvMNtCsc27SkYyIH7k_11hft_optimus6configNtB4_6Config8from_env0B6_
FN:96,_RNCNvMNtCsc27SkYyIH7k_11hft_optimus6configNtB4_6Config8from_envs0_0B6_
FN:97,_RNCNvMNtCsc27SkYyIH7k_11hft_optimus6configNtB4_6Config8from_envs1_0B6_
FN:94,_RNCNvMNtCsc27SkYyIH7k_11hft_optimus6configNtB4_6Config8from_envs_0B6_
FNDA:0,_RNCNvMNtCscDgb7GTerNl_11hft_optimus6configNtB4_6Config8from_env0B6_
FNDA:0,_RNCNvMNtCscDgb7GTerNl_11hft_optimus6configNtB4_6Config8from_envs0_0B6_
FNDA:0,_RNCNvMNtCscDgb7GTerNl_11hft_optimus6configNtB4_6Config8from_envs1_0B6_
FNDA:0,_RNCNvMNtCscDgb7GTerNl_11hft_optimus6configNtB4_6Config8from_envs_0B6_
FNDA:0,_RNvMNtCscDgb7GTerNl_11hft_optimus6configNtB2_6Config11has_api_key
FNDA:0,_RNvMNtCscDgb7GTerNl_11hft_optimus6configNtB2_6Config8from_env
FNDA:3,_RNvMNtCsc27SkYyIH7k_11hft_optimus6configNtB2_6Config11has_api_key
FNDA:4,_RNvMNtCsc27SkYyIH7k_11hft_optimus6configNtB2_6Config8from_env
FNDA:4,_RNCNvMNtCsc27SkYyIH7k_11hft_optimus6configNtB4_6Config8from_env0B6_
FNDA:4,_RNCNvMNtCsc27SkYyIH7k_11hft_optimus6configNtB4_6Config8from_envs0_0B6_
FNDA:0,_RNCNvMNtCsc27SkYyIH7k_11hft_optimus6configNtB4_6Config8from_envs1_0B6_
FNDA:4,_RNCNvMNtCsc27SkYyIH7k_11hft_optimus6configNtB4_6Config8from_envs_0B6_
FNF:6
FNH:5
DA:81,4
DA:82,4
DA:87,4
DA:88,4
DA:91,4
DA:92,4
DA:93,4
DA:94,4
DA:95,4
DA:96,4
DA:97,4
DA:99,4
DA:102,3
DA:103,3
DA:104,3
BRF:0
BRH:0
LF:19
LH:18
end_of_record
SF:/home/mai/Templates/hft-optimus/src/main.rs
FN:79,_RNCNvCsbVknO3r3GVA_11hft_optimus4main0B3_
FN:79,_RNvCsbVknO3r3GVA_11hft_optimus4main
FN:79,_RNCNvCs7DOpYNlbySe_11hft_optimus4main0B3_
FN:79,_RNvCs7DOpYNlbySe_11hft_optimus4main
FNDA:0,_RNCNvCsbVknO3r3GVA_11hft_optimus4main0B3_
FNDA:0,_RNvCsbVknO3r3GVA_11hft_optimus4main
FNDA:0,_RNCNvCs7DOpYNlbySe_11hft_optimus4main0B3_
FNDA:0,_RNvCs7DOpYNlbySe_11hft_optimus4main
FNF:2
FNH:0
DA:79,0
DA:80,0
DA:81,0
DA:82,0
DA:83,0
DA:85,0
DA:89,0
DA:90,0
DA:91,0
DA:92,0
DA:94,0
DA:95,0
DA:96,0
DA:97,0
DA:106,0
DA:107,0
DA:108,0
DA:109,0
DA:111,0
DA:114,0
DA:115,0
DA:118,0
DA:119,0
DA:128,0
DA:129,0
DA:132,0
DA:135,0
DA:138,0
DA:141,0
DA:144,0
DA:148,0
DA:149,0
DA:150,0
BRF:0
BRH:0
LF:35
LH:0
end_of_record
SF:/home/mai/Templates/hft-optimus/src/onchain/jupiter.rs
FN:67,_RNCNvNtNtCscDgb7GTerNl_11hft_optimus7onchain7jupiter13simulate_swap0B7_
FN:67,_RNvNtNtCscDgb7GTerNl_11hft_optimus7onchain7jupiter13simulate_swap
FN:67,_RNCNvNtNtCsc27SkYyIH7k_11hft_optimus7onchain7jupiter13simulate_swap0B7_
FN:67,_RNvNtNtCsc27SkYyIH7k_11hft_optimus7onchain7jupiter13simulate_swap
FNDA:0,_RNCNvNtNtCscDgb7GTerNl_11hft_optimus7onchain7jupiter13simulate_swap0B7_
FNDA:0,_RNvNtNtCscDgb7GTerNl_11hft_optimus7onchain7jupiter13simulate_swap
FNDA:1,_RNCNvNtNtCsc27SkYyIH7k_11hft_optimus7onchain7jupiter13simulate_swap0B7_
FNDA:1,_RNvNtNtCsc27SkYyIH7k_11hft_optimus7onchain7jupiter13simulate_swap
FNF:2
FNH:2
DA:67,1
DA:68,1
DA:76,1
DA:80,0
DA:81,1
DA:83,1
DA:84,1
DA:85,1
DA:87,1
DA:88,1
DA:89,1
DA:90,1
DA:91,1
DA:92,1
DA:93,1
DA:95,1
DA:103,1
DA:104,1
BRF:0
BRH:0
LF:19
LH:18
end_of_record
SF:/home/mai/Templates/hft-optimus/src/onchain/mod.rs
FN:74,_RNvNtCscDgb7GTerNl_11hft_optimus7onchain11demo_signer
FN:48,_RNvNtCscDgb7GTerNl_11hft_optimus7onchain12execute_swap
FN:55,_RNCNCNCNvNtCscDgb7GTerNl_11hft_optimus7onchain12execute_swap000B9_
FN:58,_RNCNCNvNtCscDgb7GTerNl_11hft_optimus7onchain12execute_swap00B7_
FN:74,_RNCNvNtCscDgb7GTerNl_11hft_optimus7onchain11demo_signer0B5_
FN:48,_RNCNvNtCscDgb7GTerNl_11hft_optimus7onchain12execute_swap0B5_
FN:74,_RNvNtCsc27SkYyIH7k_11hft_optimus7onchain11demo_signer
FN:48,_RNvNtCsc27SkYyIH7k_11hft_optimus7onchain12execute_swap
FN:55,_RNCNCNCNvNtCsc27SkYyIH7k_11hft_optimus7onchain12execute_swap000B9_
FN:58,_RNCNCNvNtCsc27SkYyIH7k_11hft_optimus7onchain12execute_swap00B7_
FN:74,_RNCNvNtCsc27SkYyIH7k_11hft_optimus7onchain11demo_signer0B5_
FN:48,_RNCNvNtCsc27SkYyIH7k_11hft_optimus7onchain12execute_swap0B5_
FNDA:0,_RNvNtCscDgb7GTerNl_11hft_optimus7onchain11demo_signer
FNDA:0,_RNvNtCscDgb7GTerNl_11hft_optimus7onchain12execute_swap
FNDA:0,_RNCNCNCNvNtCscDgb7GTerNl_11hft_optimus7onchain12execute_swap000B9_
FNDA:0,_RNCNCNvNtCscDgb7GTerNl_11hft_optimus7onchain12execute_swap00B7_
FNDA:0,_RNCNvNtCscDgb7GTerNl_11hft_optimus7onchain11demo_signer0B5_
FNDA:0,_RNCNvNtCscDgb7GTerNl_11hft_optimus7onchain12execute_swap0B5_
FNDA:0,_RNvNtCsc27SkYyIH7k_11hft_optimus7onchain11demo_signer
FNDA:0,_RNvNtCsc27SkYyIH7k_11hft_optimus7onchain12execute_swap
FNDA:0,_RNCNCNCNvNtCsc27SkYyIH7k_11hft_optimus7onchain12execute_swap000B9_
FNDA:0,_RNCNCNvNtCsc27SkYyIH7k_11hft_optimus7onchain12execute_swap00B7_
FNDA:0,_RNCNvNtCsc27SkYyIH7k_11hft_optimus7onchain11demo_signer0B5_
FNDA:0,_RNCNvNtCsc27SkYyIH7k_11hft_optimus7onchain12execute_swap0B5_
FNF:6
FNH:0
DA:48,0
DA:49,0
DA:50,0
DA:51,0
DA:52,0
DA:55,0
DA:56,0
DA:57,0
DA:58,0
DA:59,0
DA:60,0
DA:74,0
DA:75,0
DA:76,0
BRF:0
BRH:0
LF:18
LH:0
end_of_record
SF:/home/mai/Templates/hft-optimus/src/onchain/signer.rs
FN:113,_RINvNtNtCscDgb7GTerNl_11hft_optimus7onchain6signer11with_signerNCNCNCNCNvB2_11demo_signer0000NCNCB11_00uEB6_
FN:113,_RINvNtNtCscDgb7GTerNl_11hft_optimus7onchain6signer11with_signerNCNCNvB4_12execute_swap00NCNCB11_00NtNtB4_7jupiter10SwapResultEB6_
FN:117,_RNCINvNtNtCscDgb7GTerNl_11hft_optimus7onchain6signer11with_signerNCNCNCNCNvB4_11demo_signer0000NCNCB13_00uE0B8_
FN:117,_RNCINvNtNtCscDgb7GTerNl_11hft_optimus7onchain6signer11with_signerNCNCNvB6_12execute_swap00NCNCB13_00NtNtB6_7jupiter10SwapResultE0B8_
FN:119,_RNCNCINvNtNtCscDgb7GTerNl_11hft_optimus7onchain6signer11with_signerNCNCNCNCNvB6_11demo_signer0000NCNCB15_00uE00Ba_
FN:119,_RNCNCINvNtNtCscDgb7GTerNl_11hft_optimus7onchain6signer11with_signerNCNCNvB8_12execute_swap00NCNCB15_00NtNtB8_7jupiter10SwapResultE00Ba_
FN:145,_RNCNCNCNCNCNvNtNtCscDgb7GTerNl_11hft_optimus7onchain6signer11demo_signer00000Bf_
FN:150,_RNCNCNCNCNvNtNtCscDgb7GTerNl_11hft_optimus7onchain6signer11demo_signer0000Bd_
FN:142,_RNCNCNCNvNtNtCscDgb7GTerNl_11hft_optimus7onchain6signer11demo_signer000Bb_
FN:141,_RNCNCNvNtNtCscDgb7GTerNl_11hft_optimus7onchain6signer11demo_signer00B9_
FN:137,_RNCNvNtNtCscDgb7GTerNl_11hft_optimus7onchain6signer11demo_signer0B7_
FN:78,_RNvMNtNtCscDgb7GTerNl_11hft_optimus7onchain6signerNtB2_17LocalSolanaSigner6pubkey
FN:67,_RNvMNtNtCscDgb7GTerNl_11hft_optimus7onchain6signerNtB2_17LocalSolanaSigner8from_env
FN:137,_RNvNtNtCscDgb7GTerNl_11hft_optimus7onchain6signer11demo_signer
FN:113,_RINvNtNtCsc27SkYyIH7k_11hft_optimus7onchain6signer11with_signerNCNCNCNCNvB2_11demo_signer0000NCNCB11_00uEB6_
FN:113,_RINvNtNtCsc27SkYyIH7k_11hft_optimus7onchain6signer11with_signerNCNCNvB4_12execute_swap00NCNCB11_00NtNtB4_7jupiter10SwapResultEB6_
FN:117,_RNCINvNtNtCsc27SkYyIH7k_11hft_optimus7onchain6signer11with_signerNCNCNCNCNvB4_11demo_signer0000NCNCB13_00uE0B8_
FN:117,_RNCINvNtNtCsc27SkYyIH7k_11hft_optimus7onchain6signer11with_signerNCNCNvB6_12execute_swap00NCNCB13_00NtNtB6_7jupiter10SwapResultE0B8_
FN:119,_RNCNCINvNtNtCsc27SkYyIH7k_11hft_optimus7onchain6signer11with_signerNCNCNCNCNvB6_11demo_signer0000NCNCB15_00uE00Ba_
FN:119,_RNCNCINvNtNtCsc27SkYyIH7k_11hft_optimus7onchain6signer11with_signerNCNCNvB8_12execute_swap00NCNCB15_00NtNtB8_7jupiter10SwapResultE00Ba_
FN:145,_RNCNCNCNCNCNvNtNtCsc27SkYyIH7k_11hft_optimus7onchain6signer11demo_signer00000Bf_
FN:150,_RNCNCNCNCNvNtNtCsc27SkYyIH7k_11hft_optimus7onchain6signer11demo_signer0000Bd_
FN:142,_RNCNCNCNvNtNtCsc27SkYyIH7k_11hft_optimus7onchain6signer11demo_signer000Bb_
FN:141,_RNCNCNvNtNtCsc27SkYyIH7k_11hft_optimus7onchain6signer11demo_signer00B9_
FN:137,_RNCNvNtNtCsc27SkYyIH7k_11hft_optimus7onchain6signer11demo_signer0B7_
FN:78,_RNvMNtNtCsc27SkYyIH7k_11hft_optimus7onchain6signerNtB2_17LocalSolanaSigner6pubkey
FN:67,_RNvMNtNtCsc27SkYyIH7k_11hft_optimus7onchain6signerNtB2_17LocalSolanaSigner8from_env
FN:137,_RNvNtNtCsc27SkYyIH7k_11hft_optimus7onchain6signer11demo_signer
FN:113,_RINvNtNtCsc27SkYyIH7k_11hft_optimus7onchain6signer11with_signerNCNCNCNvCsae7uFVSSkvV_19test_signer_contexts_29test_signer_context_isolation000NCNCB11_00NtCs3gIgXV4EM1D_14solana_address7AddressEB17_
FN:113,_RINvNtNtCsc27SkYyIH7k_11hft_optimus7onchain6signer11with_signerNCNCNCNvCsae7uFVSSkvV_19test_signer_contexts_29test_signer_context_isolation0s_00NCNCB11_00NtCs3gIgXV4EM1D_14solana_address7AddressEB17_
FN:117,_RNCINvNtNtCsc27SkYyIH7k_11hft_optimus7onchain6signer11with_signerNCNCNCNvCsae7uFVSSkvV_19test_signer_contexts_29test_signer_context_isolation000NCNCB13_00NtCs3gIgXV4EM1D_14solana_address7AddressE0B19_
FN:117,_RNCINvNtNtCsc27SkYyIH7k_11hft_optimus7onchain6signer11with_signerNCNCNCNvCsae7uFVSSkvV_19test_signer_contexts_29test_signer_context_isolation0s_00NCNCB13_00NtCs3gIgXV4EM1D_14solana_address7AddressE0B19_
FN:119,_RNCNCINvNtNtCsc27SkYyIH7k_11hft_optimus7onchain6signer11with_signerNCNCNCNvCsae7uFVSSkvV_19test_signer_contexts_29test_signer_context_isolation000NCNCB15_00NtCs3gIgXV4EM1D_14solana_address7AddressE00B1b_
FN:119,_RNCNCINvNtNtCsc27SkYyIH7k_11hft_optimus7onchain6signer11with_signerNCNCNCNvCsae7uFVSSkvV_19test_signer_contexts_29test_signer_context_isolation0s_00NCNCB15_00NtCs3gIgXV4EM1D_14solana_address7AddressE00B1b_
FNDA:0,_RINvNtNtCscDgb7GTerNl_11hft_optimus7onchain6signer11with_signerNCNCNCNCNvB2_11demo_signer0000NCNCB11_00uEB6_
FNDA:0,_RINvNtNtCscDgb7GTerNl_11hft_optimus7onchain6signer11with_signerNCNCNvB4_12execute_swap00NCNCB11_00NtNtB4_7jupiter10SwapResultEB6_
FNDA:0,_RNCINvNtNtCscDgb7GTerNl_11hft_optimus7onchain6signer11with_signerNCNCNCNCNvB4_11demo_signer0000NCNCB13_00uE0B8_
FNDA:0,_RNCINvNtNtCscDgb7GTerNl_11hft_optimus7onchain6signer11with_signerNCNCNvB6_12execute_swap00NCNCB13_00NtNtB6_7jupiter10SwapResultE0B8_
FNDA:0,_RNCNCINvNtNtCscDgb7GTerNl_11hft_optimus7onchain6signer11with_signerNCNCNCNCNvB6_11demo_signer0000NCNCB15_00uE00Ba_
FNDA:0,_RNCNCINvNtNtCscDgb7GTerNl_11hft_optimus7onchain6signer11with_signerNCNCNvB8_12execute_swap00NCNCB15_00NtNtB8_7jupiter10SwapResultE00Ba_
FNDA:0,_RNCNCNCNCNCNvNtNtCscDgb7GTerNl_11hft_optimus7onchain6signer11demo_signer00000Bf_
FNDA:0,_RNCNCNCNCNvNtNtCscDgb7GTerNl_11hft_optimus7onchain6signer11demo_signer0000Bd_
FNDA:0,_RNCNCNCNvNtNtCscDgb7GTerNl_11hft_optimus7onchain6signer11demo_signer000Bb_
FNDA:0,_RNCNCNvNtNtCscDgb7GTerNl_11hft_optimus7onchain6signer11demo_signer00B9_
FNDA:0,_RNCNvNtNtCscDgb7GTerNl_11hft_optimus7onchain6signer11demo_signer0B7_
FNDA:0,_RNvMNtNtCscDgb7GTerNl_11hft_optimus7onchain6signerNtB2_17LocalSolanaSigner6pubkey
FNDA:0,_RNvMNtNtCscDgb7GTerNl_11hft_optimus7onchain6signerNtB2_17LocalSolanaSigner8from_env
FNDA:0,_RNvNtNtCscDgb7GTerNl_11hft_optimus7onchain6signer11demo_signer
FNDA:0,_RINvNtNtCsc27SkYyIH7k_11hft_optimus7onchain6signer11with_signerNCNCNCNCNvB2_11demo_signer0000NCNCB11_00uEB6_
FNDA:0,_RINvNtNtCsc27SkYyIH7k_11hft_optimus7onchain6signer11with_signerNCNCNvB4_12execute_swap00NCNCB11_00NtNtB4_7jupiter10SwapResultEB6_
FNDA:0,_RNCINvNtNtCsc27SkYyIH7k_11hft_optimus7onchain6signer11with_signerNCNCNCNCNvB4_11demo_signer0000NCNCB13_00uE0B8_
FNDA:0,_RNCINvNtNtCsc27SkYyIH7k_11hft_optimus7onchain6signer11with_signerNCNCNvB6_12execute_swap00NCNCB13_00NtNtB6_7jupiter10SwapResultE0B8_
FNDA:0,_RNCNCINvNtNtCsc27SkYyIH7k_11hft_optimus7onchain6signer11with_signerNCNCNCNCNvB6_11demo_signer0000NCNCB15_00uE00Ba_
FNDA:0,_RNCNCINvNtNtCsc27SkYyIH7k_11hft_optimus7onchain6signer11with_signerNCNCNvB8_12execute_swap00NCNCB15_00NtNtB8_7jupiter10SwapResultE00Ba_
FNDA:0,_RNCNCNCNCNCNvNtNtCsc27SkYyIH7k_11hft_optimus7onchain6signer11demo_signer00000Bf_
FNDA:0,_RNCNCNCNCNvNtNtCsc27SkYyIH7k_11hft_optimus7onchain6signer11demo_signer0000Bd_
FNDA:0,_RNCNCNCNvNtNtCsc27SkYyIH7k_11hft_optimus7onchain6signer11demo_signer000Bb_
FNDA:0,_RNCNCNvNtNtCsc27SkYyIH7k_11hft_optimus7onchain6signer11demo_signer00B9_
FNDA:0,_RNCNvNtNtCsc27SkYyIH7k_11hft_optimus7onchain6signer11demo_signer0B7_
FNDA:2,_RNvMNtNtCsc27SkYyIH7k_11hft_optimus7onchain6signerNtB2_17LocalSolanaSigner6pubkey
FNDA:2,_RNvMNtNtCsc27SkYyIH7k_11hft_optimus7onchain6signerNtB2_17LocalSolanaSigner8from_env
FNDA:0,_RNvNtNtCsc27SkYyIH7k_11hft_optimus7onchain6signer11demo_signer
FNDA:1,_RINvNtNtCsc27SkYyIH7k_11hft_optimus7onchain6signer11with_signerNCNCNCNvCsae7uFVSSkvV_19test_signer_contexts_29test_signer_context_isolation000NCNCB11_00NtCs3gIgXV4EM1D_14solana_address7AddressEB17_
FNDA:1,_RINvNtNtCsc27SkYyIH7k_11hft_optimus7onchain6signer11with_signerNCNCNCNvCsae7uFVSSkvV_19test_signer_contexts_29test_signer_context_isolation0s_00NCNCB11_00NtCs3gIgXV4EM1D_14solana_address7AddressEB17_
FNDA:1,_RNCINvNtNtCsc27SkYyIH7k_11hft_optimus7onchain6signer11with_signerNCNCNCNvCsae7uFVSSkvV_19test_signer_contexts_29test_signer_context_isolation000NCNCB13_00NtCs3gIgXV4EM1D_14solana_address7AddressE0B19_
FNDA:1,_RNCINvNtNtCsc27SkYyIH7k_11hft_optimus7onchain6signer11with_signerNCNCNCNvCsae7uFVSSkvV_19test_signer_contexts_29test_signer_context_isolation0s_00NCNCB13_00NtCs3gIgXV4EM1D_14solana_address7AddressE0B19_
FNDA:1,_RNCNCINvNtNtCsc27SkYyIH7k_11hft_optimus7onchain6signer11with_signerNCNCNCNvCsae7uFVSSkvV_19test_signer_contexts_29test_signer_context_isolation000NCNCB15_00NtCs3gIgXV4EM1D_14solana_address7AddressE00B1b_
FNDA:1,_RNCNCINvNtNtCsc27SkYyIH7k_11hft_optimus7onchain6signer11with_signerNCNCNCNvCsae7uFVSSkvV_19test_signer_contexts_29test_signer_context_isolation0s_00NCNCB15_00NtCs3gIgXV4EM1D_14solana_address7AddressE00B1b_
FNF:11
FNH:5
DA:67,2
DA:68,2
DA:70,0
DA:72,2
DA:74,2
DA:75,2
DA:78,2
DA:79,2
DA:80,2
DA:113,2
DA:114,2
DA:115,2
DA:116,2
DA:117,2
DA:118,2
DA:119,2
DA:120,2
DA:137,0
DA:138,0
DA:140,0
DA:141,0
DA:142,0
DA:143,0
DA:144,0
DA:145,0
DA:146,0
DA:147,0
DA:148,0
DA:149,0
DA:150,0
DA:151,0
DA:152,0
DA:153,0
DA:154,0
DA:156,0
DA:157,0
DA:159,0
DA:160,0
DA:161,0
BRF:0
BRH:0
LF:45
LH:17
end_of_record
SF:/home/mai/Templates/hft-optimus/src/pev/execute.rs
FN:65,_RNCNvNtNtCscDgb7GTerNl_11hft_optimus3pev7execute8run_task0B7_
FN:108,_RNvNtNtCscDgb7GTerNl_11hft_optimus3pev7execute11stub_output
FN:127,_RNvNtNtCscDgb7GTerNl_11hft_optimus3pev7execute17action_tool_calls
FN:65,_RNvNtNtCscDgb7GTerNl_11hft_optimus3pev7execute8run_task
FN:65,_RNCNvNtNtCsc27SkYyIH7k_11hft_optimus3pev7execute8run_task0B7_
FN:108,_RNvNtNtCsc27SkYyIH7k_11hft_optimus3pev7execute11stub_output
FN:127,_RNvNtNtCsc27SkYyIH7k_11hft_optimus3pev7execute17action_tool_calls
FN:65,_RNvNtNtCsc27SkYyIH7k_11hft_optimus3pev7execute8run_task
FNDA:0,_RNCNvNtNtCscDgb7GTerNl_11hft_optimus3pev7execute8run_task0B7_
FNDA:0,_RNvNtNtCscDgb7GTerNl_11hft_optimus3pev7execute11stub_output
FNDA:0,_RNvNtNtCscDgb7GTerNl_11hft_optimus3pev7execute17action_tool_calls
FNDA:0,_RNvNtNtCscDgb7GTerNl_11hft_optimus3pev7execute8run_task
FNDA:4,_RNCNvNtNtCsc27SkYyIH7k_11hft_optimus3pev7execute8run_task0B7_
FNDA:4,_RNvNtNtCsc27SkYyIH7k_11hft_optimus3pev7execute11stub_output
FNDA:4,_RNvNtNtCsc27SkYyIH7k_11hft_optimus3pev7execute17action_tool_calls
FNDA:4,_RNvNtNtCsc27SkYyIH7k_11hft_optimus3pev7execute8run_task
FNF:4
FNH:4
DA:65,4
DA:66,4
DA:68,4
DA:69,4
DA:70,4
DA:71,0
DA:75,0
DA:76,0
DA:77,0
DA:78,0
DA:79,0
DA:81,0
DA:87,0
DA:88,0
DA:91,0
DA:92,0
DA:93,0
DA:96,0
DA:97,0
DA:98,0
DA:99,0
DA:100,0
DA:101,0
DA:102,0
DA:103,4
DA:108,4
DA:109,4
DA:113,4
DA:114,5
DA:115,5
DA:117,4
DA:118,4
DA:119,4
DA:120,4
DA:121,4
DA:122,4
DA:123,4
DA:124,4
DA:127,4
DA:128,4
DA:129,1
DA:131,1
DA:133,1
DA:134,1
DA:136,4
BRF:0
BRH:0
LF:46
LH:27
end_of_record
SF:/home/mai/Templates/hft-optimus/src/pev/mod.rs
FN:61,_RNvNtCscDgb7GTerNl_11hft_optimus3pev3run
FN:61,_RNCNvNtCscDgb7GTerNl_11hft_optimus3pev3run0B5_
FN:61,_RNCNvNtCsc27SkYyIH7k_11hft_optimus3pev3run0B5_
FN:61,_RNvNtCsc27SkYyIH7k_11hft_optimus3pev3run
FNDA:0,_RNvNtCscDgb7GTerNl_11hft_optimus3pev3run
FNDA:0,_RNCNvNtCscDgb7GTerNl_11hft_optimus3pev3run0B5_
FNDA:1,_RNCNvNtCsc27SkYyIH7k_11hft_optimus3pev3run0B5_
FNDA:1,_RNvNtCsc27SkYyIH7k_11hft_optimus3pev3run
FNF:2
FNH:2
DA:61,1
DA:62,1
DA:65,1
DA:66,1
DA:68,1
DA:69,1
DA:70,1
DA:71,1
DA:73,4
DA:74,4
DA:77,4
DA:80,4
DA:82,4
DA:83,4
DA:84,4
DA:85,4
DA:86,4
DA:87,4
DA:88,0
DA:90,0
DA:91,0
DA:92,0
DA:93,0
DA:95,0
DA:96,0
DA:97,0
DA:98,0
DA:99,0
DA:101,0
DA:106,1
DA:111,1
DA:112,1
DA:113,1
DA:114,1
DA:115,1
DA:116,1
DA:117,1
DA:118,1
DA:119,1
BRF:0
BRH:0
LF:40
LH:29
end_of_record
SF:/home/mai/Templates/hft-optimus/src/pev/plan.rs
FN:116,_RNvNtNtCscDgb7GTerNl_11hft_optimus3pev4plan17default_tasks_pub
FN:102,_RNCNCNvNtNtCscDgb7GTerNl_11hft_optimus3pev4plan9decompose00B9_
FN:70,_RNCNvNtNtCscDgb7GTerNl_11hft_optimus3pev4plan9decompose0B7_
FN:126,_RNvNtNtCscDgb7GTerNl_11hft_optimus3pev4plan13default_tasks
FN:70,_RNvNtNtCscDgb7GTerNl_11hft_optimus3pev4plan9decompose
FN:126,_RNvNtNtCsc27SkYyIH7k_11hft_optimus3pev4plan13default_tasks
FN:116,_RNvNtNtCsc27SkYyIH7k_11hft_optimus3pev4plan17default_tasks_pub
FN:70,_RNvNtNtCsc27SkYyIH7k_11hft_optimus3pev4plan9decompose
FN:102,_RNCNCNvNtNtCsc27SkYyIH7k_11hft_optimus3pev4plan9decompose00B9_
FN:70,_RNCNvNtNtCsc27SkYyIH7k_11hft_optimus3pev4plan9decompose0B7_
FNDA:0,_RNvNtNtCscDgb7GTerNl_11hft_optimus3pev4plan17default_tasks_pub
FNDA:0,_RNCNCNvNtNtCscDgb7GTerNl_11hft_optimus3pev4plan9decompose00B9_
FNDA:0,_RNCNvNtNtCscDgb7GTerNl_11hft_optimus3pev4plan9decompose0B7_
FNDA:0,_RNvNtNtCscDgb7GTerNl_11hft_optimus3pev4plan13default_tasks
FNDA:0,_RNvNtNtCscDgb7GTerNl_11hft_optimus3pev4plan9decompose
FNDA:3,_RNvNtNtCsc27SkYyIH7k_11hft_optimus3pev4plan13default_tasks
FNDA:1,_RNvNtNtCsc27SkYyIH7k_11hft_optimus3pev4plan17default_tasks_pub
FNDA:2,_RNvNtNtCsc27SkYyIH7k_11hft_optimus3pev4plan9decompose
FNDA:0,_RNCNCNvNtNtCsc27SkYyIH7k_11hft_optimus3pev4plan9decompose00B9_
FNDA:2,_RNCNvNtNtCsc27SkYyIH7k_11hft_optimus3pev4plan9decompose0B7_
FNF:5
FNH:4
DA:70,2
DA:71,2
DA:73,2
DA:74,2
DA:75,2
DA:76,0
DA:80,0
DA:81,0
DA:82,0
DA:83,0
DA:84,0
DA:86,0
DA:91,0
DA:92,0
DA:95,0
DA:96,0
DA:97,0
DA:98,0
DA:99,0
DA:100,0
DA:102,0
DA:103,0
DA:104,0
DA:105,0
DA:107,0
DA:108,0
DA:109,2
DA:116,1
DA:117,1
DA:118,1
DA:126,3
DA:128,3
DA:129,3
DA:130,3
DA:131,3
DA:132,3
DA:133,3
DA:134,3
DA:135,3
DA:136,3
DA:137,3
DA:138,3
DA:139,3
DA:140,3
DA:141,3
DA:142,3
DA:143,3
DA:144,3
DA:145,3
DA:146,3
DA:147,3
DA:148,3
DA:149,3
DA:150,3
DA:151,3
DA:152,3
DA:153,3
DA:154,3
DA:155,3
DA:156,3
DA:158,3
BRF:0
BRH:0
LF:63
LH:41
end_of_record
SF:/home/mai/Templates/hft-optimus/src/pev/verify.rs
FN:95,_RNCNvNtNtCscDgb7GTerNl_11hft_optimus3pev6verify5score0B7_
FN:91,_RNvNtNtCscDgb7GTerNl_11hft_optimus3pev6verify5score
FN:95,_RNCNvNtNtCsc27SkYyIH7k_11hft_optimus3pev6verify5score0B7_
FN:91,_RNvNtNtCsc27SkYyIH7k_11hft_optimus3pev6verify5score
FNDA:0,_RNCNvNtNtCscDgb7GTerNl_11hft_optimus3pev6verify5score0B7_
FNDA:0,_RNvNtNtCscDgb7GTerNl_11hft_optimus3pev6verify5score
FNDA:5,_RNCNvNtNtCsc27SkYyIH7k_11hft_optimus3pev6verify5score0B7_
FNDA:5,_RNvNtNtCsc27SkYyIH7k_11hft_optimus3pev6verify5score
FNF:2
FNH:2
DA:91,5
DA:92,5
DA:93,5
DA:94,5
DA:95,5
DA:96,5
DA:97,5
DA:98,5
DA:99,5
DA:100,5
DA:107,5
DA:108,0
DA:111,0
DA:112,0
DA:113,0
DA:114,0
DA:115,0
DA:117,0
DA:122,0
DA:123,0
DA:124,0
DA:125,0
DA:126,0
DA:127,0
DA:128,0
DA:130,0
DA:131,0
DA:132,0
DA:133,0
DA:135,0
DA:136,0
DA:143,0
DA:144,5
BRF:0
BRH:0
LF:34
LH:13
end_of_record
SF:/home/mai/Templates/hft-optimus/src/sor/router.rs
FN:56,_RNvNtNtCscDgb7GTerNl_11hft_optimus3sor6router10best_route
FN:121,_RNvNtNtCscDgb7GTerNl_11hft_optimus3sor6router10query_orca
FN:136,_RNvNtNtCscDgb7GTerNl_11hft_optimus3sor6router11query_serum
FN:106,_RNvNtNtCscDgb7GTerNl_11hft_optimus3sor6router13query_raydium
FN:151,_RNvNtNtCscDgb7GTerNl_11hft_optimus3sor6router14fallback_route
FN:78,_RNCNCNvNtNtCscDgb7GTerNl_11hft_optimus3sor6router10best_route00B9_
FN:89,_RNCNCNvNtNtCscDgb7GTerNl_11hft_optimus3sor6router10best_route0s_0B9_
FN:56,_RNCNvNtNtCscDgb7GTerNl_11hft_optimus3sor6router10best_route0B7_
FN:121,_RNCNvNtNtCscDgb7GTerNl_11hft_optimus3sor6router10query_orca0B7_
FN:136,_RNCNvNtNtCscDgb7GTerNl_11hft_optimus3sor6router11query_serum0B7_
FN:106,_RNCNvNtNtCscDgb7GTerNl_11hft_optimus3sor6router13query_raydium0B7_
FN:78,_RNCNCNvNtNtCsc27SkYyIH7k_11hft_optimus3sor6router10best_route00B9_
FN:89,_RNCNCNvNtNtCsc27SkYyIH7k_11hft_optimus3sor6router10best_route0s_0B9_
FN:56,_RNCNvNtNtCsc27SkYyIH7k_11hft_optimus3sor6router10best_route0B7_
FN:121,_RNCNvNtNtCsc27SkYyIH7k_11hft_optimus3sor6router10query_orca0B7_
FN:136,_RNCNvNtNtCsc27SkYyIH7k_11hft_optimus3sor6router11query_serum0B7_
FN:106,_RNCNvNtNtCsc27SkYyIH7k_11hft_optimus3sor6router13query_raydium0B7_
FN:56,_RNvNtNtCsc27SkYyIH7k_11hft_optimus3sor6router10best_route
FN:121,_RNvNtNtCsc27SkYyIH7k_11hft_optimus3sor6router10query_orca
FN:136,_RNvNtNtCsc27SkYyIH7k_11hft_optimus3sor6router11query_serum
FN:106,_RNvNtNtCsc27SkYyIH7k_11hft_optimus3sor6router13query_raydium
FN:151,_RNvNtNtCsc27SkYyIH7k_11hft_optimus3sor6router14fallback_route
FNDA:0,_RNvNtNtCscDgb7GTerNl_11hft_optimus3sor6router10best_route
FNDA:0,_RNvNtNtCscDgb7GTerNl_11hft_optimus3sor6router10query_orca
FNDA:0,_RNvNtNtCscDgb7GTerNl_11hft_optimus3sor6router11query_serum
FNDA:0,_RNvNtNtCscDgb7GTerNl_11hft_optimus3sor6router13query_raydium
FNDA:0,_RNvNtNtCscDgb7GTerNl_11hft_optimus3sor6router14fallback_route
FNDA:0,_RNCNCNvNtNtCscDgb7GTerNl_11hft_optimus3sor6router10best_route00B9_
FNDA:0,_RNCNCNvNtNtCscDgb7GTerNl_11hft_optimus3sor6router10best_route0s_0B9_
FNDA:0,_RNCNvNtNtCscDgb7GTerNl_11hft_optimus3sor6router10best_route0B7_
FNDA:0,_RNCNvNtNtCscDgb7GTerNl_11hft_optimus3sor6router10query_orca0B7_
FNDA:0,_RNCNvNtNtCscDgb7GTerNl_11hft_optimus3sor6router11query_serum0B7_
FNDA:0,_RNCNvNtNtCscDgb7GTerNl_11hft_optimus3sor6router13query_raydium0B7_
FNDA:6,_RNCNCNvNtNtCsc27SkYyIH7k_11hft_optimus3sor6router10best_route00B9_
FNDA:0,_RNCNCNvNtNtCsc27SkYyIH7k_11hft_optimus3sor6router10best_route0s_0B9_
FNDA:2,_RNCNvNtNtCsc27SkYyIH7k_11hft_optimus3sor6router10best_route0B7_
FNDA:2,_RNCNvNtNtCsc27SkYyIH7k_11hft_optimus3sor6router10query_orca0B7_
FNDA:2,_RNCNvNtNtCsc27SkYyIH7k_11hft_optimus3sor6router11query_serum0B7_
FNDA:2,_RNCNvNtNtCsc27SkYyIH7k_11hft_optimus3sor6router13query_raydium0B7_
FNDA:2,_RNvNtNtCsc27SkYyIH7k_11hft_optimus3sor6router10best_route
FNDA:2,_RNvNtNtCsc27SkYyIH7k_11hft_optimus3sor6router10query_orca
FNDA:2,_RNvNtNtCsc27SkYyIH7k_11hft_optimus3sor6router11query_serum
FNDA:2,_RNvNtNtCsc27SkYyIH7k_11hft_optimus3sor6router13query_raydium
FNDA:0,_RNvNtNtCsc27SkYyIH7k_11hft_optimus3sor6router14fallback_route
FNF:11
FNH:9
DA:56,2
DA:57,2
DA:58,2
DA:60,2
DA:61,2
DA:62,2
DA:63,2
DA:66,2
DA:67,2
DA:68,2
DA:69,2
DA:70,2
DA:71,2
DA:72,2
DA:73,2
DA:74,2
DA:75,2
DA:78,6
DA:79,6
DA:80,6
DA:81,6
DA:82,6
DA:83,6
DA:84,6
DA:86,2
DA:87,2
DA:88,2
DA:89,2
DA:90,2
DA:92,2
DA:99,2
DA:100,2
DA:106,2
DA:107,2
DA:108,2
DA:109,2
DA:110,2
DA:111,2
DA:112,2
DA:113,2
DA:114,2
DA:115,2
DA:121,2
DA:122,2
DA:123,2
DA:124,2
DA:125,2
DA:126,2
DA:127,2
DA:128,2
DA:129,2
DA:130,2
DA:136,2
DA:137,2
DA:138,2
DA:139,2
DA:140,2
DA:141,2
DA:142,2
DA:143,2
DA:144,2
DA:145,2
DA:151,0
DA:152,0
DA:153,0
DA:154,0
DA:155,0
DA:156,0
DA:157,0
DA:158,0
DA:159,0
BRF:0
BRH:0
LF:77
LH:67
end_of_record